This file contains any messages produced by compilers while
running configure, to aid debugging if configure makes a mistake.

It was created by snmpiostat configure 1.0.0, which was
generated by GNU Autoconf 2.69.  Invocation command line was

  $ ./configure 

## --------- ##
## Platform. ##
## --------- ##

hostname = bob-XPS-8700
uname -m = x86_64
uname -r = 3.13.0-55-generic
uname -s = Linux
uname -v = #92-Ubuntu SMP Sun Jun 14 18:32:20 UTC 2015

/usr/bin/uname -p = unknown
/bin/uname -X     = unknown

/bin/arch              = unknown
/usr/bin/arch -k       = unknown
/usr/convex/getsysinfo = unknown
/usr/bin/hostinfo      = unknown
/bin/machine           = unknown
/usr/bin/oslevel       = unknown
/bin/universe          = unknown

PATH: .
PATH: /home/bob/.script
PATH: /home/bob/bin/x86_64
PATH: /home/bob/bin
PATH: /bin
PATH: /sbin
PATH: /usr/bin
PATH: /usr/sbin
PATH: /usr/local/bin
PATH: /usr/local/sbin


## ----------- ##
## Core tests. ##
## ----------- ##

configure:2028: checking for /proc/devices
configure:2041: result: yes
configure:2051: checking for /proc/diskstats
configure:2064: result: yes
configure:2123: checking for gcc
configure:2139: found /usr/bin/gcc
configure:2150: result: gcc
configure:2379: checking for C compiler version
configure:2388: gcc --version >&5
gcc (Ubuntu 4.8.2-19ubuntu1) 4.8.2
Copyright (C) 2013 Free Software Foundation, Inc.
This is free software; see the source for copying conditions.  There is NO
warranty; not even for MERCHANTABILITY or FITNESS FOR A PARTICULAR PURPOSE.

configure:2399: $? = 0
configure:2388: gcc -v >&5
Using built-in specs.
COLLECT_GCC=gcc
COLLECT_LTO_WRAPPER=/usr/lib/gcc/x86_64-linux-gnu/4.8/lto-wrapper
Target: x86_64-linux-gnu
Configured with: ../src/configure -v --with-pkgversion='Ubuntu 4.8.2-19ubuntu1' --with-bugurl=file:///usr/share/doc/gcc-4.8/README.Bugs --enable-languages=c,c++,java,go,d,fortran,objc,obj-c++ --prefix=/usr --program-suffix=-4.8 --enable-shared --enable-linker-build-id --libexecdir=/usr/lib --without-included-gettext --enable-threads=posix --with-gxx-include-dir=/usr/include/c++/4.8 --libdir=/usr/lib --enable-nls --with-sysroot=/ --enable-clocale=gnu --enable-libstdcxx-debug --enable-libstdcxx-time=yes --enable-gnu-unique-object --disable-libmudflap --enable-plugin --with-system-zlib --disable-browser-plugin --enable-java-awt=gtk --enable-gtk-cairo --with-java-home=/usr/lib/jvm/java-1.5.0-gcj-4.8-amd64/jre --enable-java-home --with-jvm-root-dir=/usr/lib/jvm/java-1.5.0-gcj-4.8-amd64 --with-jvm-jar-dir=/usr/lib/jvm-exports/java-1.5.0-gcj-4.8-amd64 --with-arch-directory=amd64 --with-ecj-jar=/usr/share/java/eclipse-ecj.jar --enable-objc-gc --enable-multiarch --disable-werror --with-arch-32=i686 --with-abi=m64 --with-multilib-list=m32,m64,mx32 --with-tune=generic --enable-checking=release --build=x86_64-linux-gnu --host=x86_64-linux-gnu --target=x86_64-linux-gnu
Thread model: posix
gcc version 4.8.2 (Ubuntu 4.8.2-19ubuntu1) 
configure:2399: $? = 0
configure:2388: gcc -V >&5
gcc: error: unrecognized command line option '-V'
gcc: fatal error: no input files
compilation terminated.
configure:2399: $? = 4
configure:2388: gcc -qversion >&5
gcc: error: unrecognized command line option '-qversion'
gcc: fatal error: no input files
compilation terminated.
configure:2399: $? = 4
configure:2419: checking whether the C compiler works
configure:2441: gcc    conftest.c  >&5
configure:2445: $? = 0
configure:2493: result: yes
configure:2496: checking for C compiler default output file name
configure:2498: result: a.out
configure:2504: checking for suffix of executables
configure:2511: gcc -o conftest    conftest.c  >&5
configure:2515: $? = 0
configure:2537: result: 
configure:2559: checking whether we are cross compiling
configure:2567: gcc -o conftest    conftest.c  >&5
configure:2571: $? = 0
configure:2578: ./conftest
configure:2582: $? = 0
configure:2597: result: no
configure:2602: checking for suffix of object files
configure:2624: gcc -c   conftest.c >&5
configure:2628: $? = 0
configure:2649: result: o
configure:2653: checking whether we are using the GNU C compiler
configure:2672: gcc -c   conftest.c >&5
configure:2672: $? = 0
configure:2681: result: yes
configure:2690: checking whether gcc accepts -g
configure:2710: gcc -c -g  conftest.c >&5
configure:2710: $? = 0
configure:2751: result: yes
configure:2768: checking for gcc option to accept ISO C89
configure:2831: gcc  -c -g -O2  conftest.c >&5
configure:2831: $? = 0
configure:2844: result: none needed
configure:2888: checking how to run the C preprocessor
configure:2919: gcc -E  conftest.c
configure:2919: $? = 0
configure:2933: gcc -E  conftest.c
conftest.c:11:28: fatal error: ac_nonexistent.h: No such file or directory
 #include <ac_nonexistent.h>
                            ^
compilation terminated.
configure:2933: $? = 1
configure: failed program was:
| /* confdefs.h */
| #define PACKAGE_NAME "snmpiostat"
| #define PACKAGE_TARNAME "snmpiostat.tar"
| #define PACKAGE_VERSION "1.0.0"
| #define PACKAGE_STRING "snmpiostat 1.0.0"
| #define PACKAGE_BUGREPORT "rschwa2@clemson.edu"
| #define PACKAGE_URL ""
| #define HAVE__PROC_DEVICES 1
| #define HAVE__PROC_DISKSTATS 1
| /* end confdefs.h.  */
| #include <ac_nonexistent.h>
configure:2958: result: gcc -E
configure:2978: gcc -E  conftest.c
configure:2978: $? = 0
configure:2992: gcc -E  conftest.c
conftest.c:11:28: fatal error: ac_nonexistent.h: No such file or directory
 #include <ac_nonexistent.h>
                            ^
compilation terminated.
configure:2992: $? = 1
configure: failed program was:
| /* confdefs.h */
| #define PACKAGE_NAME "snmpiostat"
| #define PACKAGE_TARNAME "snmpiostat.tar"
| #define PACKAGE_VERSION "1.0.0"
| #define PACKAGE_STRING "snmpiostat 1.0.0"
| #define PACKAGE_BUGREPORT "rschwa2@clemson.edu"
| #define PACKAGE_URL ""
| #define HAVE__PROC_DEVICES 1
| #define HAVE__PROC_DISKSTATS 1
| /* end confdefs.h.  */
| #include <ac_nonexistent.h>
configure:3021: checking for grep that handles long lines and -e
configure:3079: result: /bin/grep
configure:3084: checking for egrep
configure:3146: result: /bin/grep -E
configure:3151: checking for ANSI C header files
configure:3171: gcc -c -g -O2  conftest.c >&5
configure:3171: $? = 0
configure:3244: gcc -o conftest -g -O2   conftest.c  >&5
configure:3244: $? = 0
configure:3244: ./conftest
configure:3244: $? = 0
configure:3255: result: yes
configure:3268: checking for sys/types.h
configure:3268: gcc -c -g -O2  conftest.c >&5
configure:3268: $? = 0
configure:3268: result: yes
configure:3268: checking for sys/stat.h
configure:3268: gcc -c -g -O2  conftest.c >&5
configure:3268: $? = 0
configure:3268: result: yes
configure:3268: checking for stdlib.h
configure:3268: gcc -c -g -O2  conftest.c >&5
configure:3268: $? = 0
configure:3268: result: yes
configure:3268: checking for string.h
configure:3268: gcc -c -g -O2  conftest.c >&5
configure:3268: $? = 0
configure:3268: result: yes
configure:3268: checking for memory.h
configure:3268: gcc -c -g -O2  conftest.c >&5
configure:3268: $? = 0
configure:3268: result: yes
configure:3268: checking for strings.h
configure:3268: gcc -c -g -O2  conftest.c >&5
configure:3268: $? = 0
configure:3268: result: yes
configure:3268: checking for inttypes.h
configure:3268: gcc -c -g -O2  conftest.c >&5
configure:3268: $? = 0
configure:3268: result: yes
configure:3268: checking for stdint.h
configure:3268: gcc -c -g -O2  conftest.c >&5
configure:3268: $? = 0
configure:3268: result: yes
configure:3268: checking for unistd.h
configure:3268: gcc -c -g -O2  conftest.c >&5
configure:3268: $? = 0
configure:3268: result: yes
configure:3282: checking linux/major.h usability
configure:3282: gcc -c -g -O2  conftest.c >&5
configure:3282: $? = 0
configure:3282: result: yes
configure:3282: checking linux/major.h presence
configure:3282: gcc -E  conftest.c
configure:3282: $? = 0
configure:3282: result: yes
configure:3282: checking for linux/major.h
configure:3282: result: yes
configure:3294: checking net-snmp/net-snmp-config.h usability
configure:3294: gcc -c -g -O2  conftest.c >&5
configure:3294: $? = 0
configure:3294: result: yes
configure:3294: checking net-snmp/net-snmp-config.h presence
configure:3294: gcc -E  conftest.c
configure:3294: $? = 0
configure:3294: result: yes
configure:3294: checking for net-snmp/net-snmp-config.h
configure:3294: result: yes
configure:3304: checking for snmp_parse_args in -lnetsnmp
configure:3329: gcc -o conftest -g -O2   conftest.c -lnetsnmp   >&5
configure:3329: $? = 0
configure:3338: result: yes
configure:3349: checking for kstat_open in -lkstat
configure:3374: gcc -o conftest -g -O2   conftest.c -lkstat  -lnetsnmp  >&5
/usr/bin/ld: cannot find -lkstat
collect2: error: ld returned 1 exit status
configure:3374: $? = 1
configure: failed program was:
| /* confdefs.h */
| #define PACKAGE_NAME "snmpiostat"
| #define PACKAGE_TARNAME "snmpiostat.tar"
| #define PACKAGE_VERSION "1.0.0"
| #define PACKAGE_STRING "snmpiostat 1.0.0"
| #define PACKAGE_BUGREPORT "rschwa2@clemson.edu"
| #define PACKAGE_URL ""
| #define HAVE__PROC_DEVICES 1
| #define HAVE__PROC_DISKSTATS 1
| #define STDC_HEADERS 1
| #define HAVE_SYS_TYPES_H 1
| #define HAVE_SYS_STAT_H 1
| #define HAVE_STDLIB_H 1
| #define HAVE_STRING_H 1
| #define HAVE_MEMORY_H 1
| #define HAVE_STRINGS_H 1
| #define HAVE_INTTYPES_H 1
| #define HAVE_STDINT_H 1
| #define HAVE_UNISTD_H 1
| #define HAVE_LINUX_MAJOR_H 1
| #define HAVE_NET_SNMP_NET_SNMP_CONFIG_H 1
| #define HAVE_LIBNETSNMP 1
| /* end confdefs.h.  */
| 
| /* Override any GCC internal prototype to avoid an error.
|    Use char because int might match the return type of a GCC
|    builtin and then its argument prototype would still apply.  */
| #ifdef __cplusplus
| extern "C"
| #endif
| char kstat_open ();
| int
| main ()
| {
| return kstat_open ();
|   ;
|   return 0;
| }
configure:3383: result: no
configure:3510: creating ./config.status

## ---------------------- ##
## Running config.status. ##
## ---------------------- ##

This file was extended by snmpiostat config.status 1.0.0, which was
generated by GNU Autoconf 2.69.  Invocation command line was

  CONFIG_FILES    = 
  CONFIG_HEADERS  = 
  CONFIG_LINKS    = 
  CONFIG_COMMANDS = 
  $ ./config.status 

on bob-XPS-8700

config.status:802: creating Makefile
config.status:802: creating config.h
config.status:972: config.h is unchanged

## ---------------- ##
## Cache variables. ##
## ---------------- ##

ac_cv_c_compiler_gnu=yes
ac_cv_env_CC_set=
ac_cv_env_CC_value=
ac_cv_env_CFLAGS_set=
ac_cv_env_CFLAGS_value=
ac_cv_env_CPPFLAGS_set=
ac_cv_env_CPPFLAGS_value=
ac_cv_env_CPP_set=
ac_cv_env_CPP_value=
ac_cv_env_LDFLAGS_set=
ac_cv_env_LDFLAGS_value=
ac_cv_env_LIBS_set=
ac_cv_env_LIBS_value=
ac_cv_env_build_alias_set=
ac_cv_env_build_alias_value=
ac_cv_env_host_alias_set=
ac_cv_env_host_alias_value=
ac_cv_env_target_alias_set=
ac_cv_env_target_alias_value=
ac_cv_file__proc_devices=yes
ac_cv_file__proc_diskstats=yes
ac_cv_header_inttypes_h=yes
ac_cv_header_linux_major_h=yes
ac_cv_header_memory_h=yes
ac_cv_header_net_snmp_net_snmp_config_h=yes
ac_cv_header_stdc=yes
ac_cv_header_stdint_h=yes
ac_cv_header_stdlib_h=yes
ac_cv_header_string_h=yes
ac_cv_header_strings_h=yes
ac_cv_header_sys_stat_h=yes
ac_cv_header_sys_types_h=yes
ac_cv_header_unistd_h=yes
ac_cv_lib_kstat_kstat_open=no
ac_cv_lib_netsnmp_snmp_parse_args=yes
ac_cv_objext=o
ac_cv_path_EGREP='/bin/grep -E'
ac_cv_path_GREP=/bin/grep
ac_cv_prog_CPP='gcc -E'
ac_cv_prog_ac_ct_CC=gcc
ac_cv_prog_cc_c89=
ac_cv_prog_cc_g=yes

## ----------------- ##
## Output variables. ##
## ----------------- ##

CC='gcc'
CFLAGS='-g -O2'
CPP='gcc -E'
CPPFLAGS=''
DEFS='-DHAVE_CONFIG_H'
ECHO_C=''
ECHO_N='-n'
ECHO_T=''
EGREP='/bin/grep -E'
EXEEXT=''
GREP='/bin/grep'
LDFLAGS=''
LIBOBJS=''
LIBS='-lnetsnmp '
LTLIBOBJS=''
OBJEXT='o'
PACKAGE_BUGREPORT='rschwa2@clemson.edu'
PACKAGE_NAME='snmpiostat'
PACKAGE_STRING='snmpiostat 1.0.0'
PACKAGE_TARNAME='snmpiostat.tar'
PACKAGE_URL=''
PACKAGE_VERSION='1.0.0'
PATH_SEPARATOR=':'
SHELL='/bin/bash'
ac_ct_CC='gcc'
bindir='${exec_prefix}/bin'
build_alias=''
datadir='${datarootdir}'
datarootdir='${prefix}/share'
docdir='${datarootdir}/doc/${PACKAGE_TARNAME}'
dvidir='${docdir}'
exec_prefix='${prefix}'
host_alias=''
htmldir='${docdir}'
includedir='${prefix}/include'
infodir='${datarootdir}/info'
libdir='${exec_prefix}/lib'
libexecdir='${exec_prefix}/libexec'
localedir='${datarootdir}/locale'
localstatedir='${prefix}/var'
mandir='${datarootdir}/man'
oldincludedir='/usr/include'
pdfdir='${docdir}'
prefix='/usr/local'
program_transform_name='s,x,x,'
psdir='${docdir}'
sbindir='${exec_prefix}/sbin'
sharedstatedir='${prefix}/com'
sysconfdir='${prefix}/etc'
target_alias=''

## ----------- ##
## confdefs.h. ##
## ----------- ##

/* confdefs.h */
#define PACKAGE_NAME "snmpiostat"
#define PACKAGE_TARNAME "snmpiostat.tar"
#define PACKAGE_VERSION "1.0.0"
#define PACKAGE_STRING "snmpiostat 1.0.0"
#define PACKAGE_BUGREPORT "rschwa2@clemson.edu"
#define PACKAGE_URL ""
#define HAVE__PROC_DEVICES 1
#define HAVE__PROC_DISKSTATS 1
#define STDC_HEADERS 1
#define HAVE_SYS_TYPES_H 1
#define HAVE_SYS_STAT_H 1
#define HAVE_STDLIB_H 1
#define HAVE_STRING_H 1
#define HAVE_MEMORY_H 1
#define HAVE_STRINGS_H 1
#define HAVE_INTTYPES_H 1
#define HAVE_STDINT_H 1
#define HAVE_UNISTD_H 1
#define HAVE_LINUX_MAJOR_H 1
#define HAVE_NET_SNMP_NET_SNMP_CONFIG_H 1
#define HAVE_LIBNETSNMP 1

configure: exit 0
